<?xml version="1.0" encoding="UTF-8"?>
<!-- Generated by org.testng.reporters.JUnitXMLReporter -->
<testsuite ignored="0" hostname="Murali" failures="0" tests="4" name="Default test" time="62.438" errors="0" timestamp="2024-06-22T03:32:32 IST">
  <testcase classname="com.testScenarios.LoginTestCases" name="loginWithValidCredentials" time="7.276"/>
  <testcase classname="com.testScenarios.LoginTestCases" name="loginWithInValidCredentials" time="6.686"/>
  <testcase classname="com.testScenarios.LoginTestCases" name="userLoginWithInvalidCredentials" time="12.612"/>
  <testcase classname="com.testScenarios.LoginTestCases" name="userLoginWithValidCredentials" time="10.852"/>
</testsuite> <!-- Default test -->
