<?xml version="1.0" encoding="UTF-8"?>
<testng-results ignored="0" total="4" passed="4" failed="0" skipped="0">
  <reporter-output>
  </reporter-output>
  <suite started-at="2024-06-22T03:31:29 IST" name="Default suite" finished-at="2024-06-22T03:32:32 IST" duration-ms="62438">
    <groups>
    </groups>
    <test started-at="2024-06-22T03:31:29 IST" name="Default test" finished-at="2024-06-22T03:32:32 IST" duration-ms="62438">
      <class name="com.testScenarios.LoginTestCases">
        <test-method is-config="true" signature="setUp()[pri:0, instance:com.testScenarios.LoginTestCases@268f106e]" started-at="2024-06-22T03:31:29 IST" name="setUp" finished-at="2024-06-22T03:31:36 IST" duration-ms="6468" status="PASS">
          <reporter-output>
          </reporter-output>
        </test-method> <!-- setUp -->
        <test-method signature="loginWithValidCredentials()[pri:1, instance:com.testScenarios.LoginTestCases@268f106e]" started-at="2024-06-22T03:31:36 IST" name="loginWithValidCredentials" finished-at="2024-06-22T03:31:43 IST" duration-ms="7276" status="PASS">
          <reporter-output>
          </reporter-output>
        </test-method> <!-- loginWithValidCredentials -->
        <test-method signature="loginWithInValidCredentials()[pri:2, instance:com.testScenarios.LoginTestCases@268f106e]" started-at="2024-06-22T03:31:43 IST" name="loginWithInValidCredentials" finished-at="2024-06-22T03:31:50 IST" duration-ms="6686" status="PASS">
          <reporter-output>
          </reporter-output>
        </test-method> <!-- loginWithInValidCredentials -->
        <test-method signature="userLoginWithInvalidCredentials()[pri:3, instance:com.testScenarios.LoginTestCases@268f106e]" started-at="2024-06-22T03:31:50 IST" name="userLoginWithInvalidCredentials" finished-at="2024-06-22T03:32:03 IST" duration-ms="12612" status="PASS">
          <reporter-output>
          </reporter-output>
        </test-method> <!-- userLoginWithInvalidCredentials -->
        <test-method signature="userLoginWithValidCredentials()[pri:4, instance:com.testScenarios.LoginTestCases@268f106e]" started-at="2024-06-22T03:32:03 IST" name="userLoginWithValidCredentials" finished-at="2024-06-22T03:32:13 IST" duration-ms="10852" status="PASS">
          <reporter-output>
          </reporter-output>
        </test-method> <!-- userLoginWithValidCredentials -->
        <test-method is-config="true" signature="tearDown()[pri:0, instance:com.testScenarios.LoginTestCases@268f106e]" started-at="2024-06-22T03:32:13 IST" name="tearDown" finished-at="2024-06-22T03:32:32 IST" duration-ms="18423" status="PASS">
          <reporter-output>
          </reporter-output>
        </test-method> <!-- tearDown -->
      </class> <!-- com.testScenarios.LoginTestCases -->
    </test> <!-- Default test -->
  </suite> <!-- Default suite -->
</testng-results>
