<?xml version="1.0" encoding="UTF-8"?>
<testng-results ignored="0" total="3" passed="3" failed="0" skipped="0">
  <reporter-output>
  </reporter-output>
  <suite started-at="2024-06-22T05:00:39 IST" name="Default suite" finished-at="2024-06-22T05:01:18 IST" duration-ms="39409">
    <groups>
    </groups>
    <test started-at="2024-06-22T05:00:39 IST" name="Default test" finished-at="2024-06-22T05:01:18 IST" duration-ms="39409">
      <class name="com.testScenarios.DegradeReport">
        <test-method is-config="true" signature="driverinfo()[pri:0, instance:com.testScenarios.DegradeReport@33bc72d1]" started-at="2024-06-22T05:00:39 IST" name="driverinfo" finished-at="2024-06-22T05:00:44 IST" duration-ms="4899" status="PASS">
          <reporter-output>
          </reporter-output>
        </test-method> <!-- driverinfo -->
        <test-method signature="complogin()[pri:1, instance:com.testScenarios.DegradeReport@33bc72d1]" started-at="2024-06-22T05:00:44 IST" name="complogin" finished-at="2024-06-22T05:00:52 IST" duration-ms="7851" status="PASS">
          <reporter-output>
          </reporter-output>
        </test-method> <!-- complogin -->
        <test-method signature="userlogin()[pri:2, instance:com.testScenarios.DegradeReport@33bc72d1]" started-at="2024-06-22T05:00:52 IST" name="userlogin" finished-at="2024-06-22T05:01:01 IST" duration-ms="8931" status="PASS">
          <reporter-output>
          </reporter-output>
        </test-method> <!-- userlogin -->
        <test-method signature="searchpng()[pri:3, instance:com.testScenarios.DegradeReport@33bc72d1]" started-at="2024-06-22T05:01:01 IST" name="searchpng" finished-at="2024-06-22T05:01:15 IST" duration-ms="14599" status="PASS">
          <reporter-output>
          </reporter-output>
        </test-method> <!-- searchpng -->
        <test-method is-config="true" signature="tearDown()[pri:0, instance:com.testScenarios.DegradeReport@33bc72d1]" started-at="2024-06-22T05:01:15 IST" name="tearDown" finished-at="2024-06-22T05:01:18 IST" duration-ms="2994" status="PASS">
          <reporter-output>
          </reporter-output>
        </test-method> <!-- tearDown -->
      </class> <!-- com.testScenarios.DegradeReport -->
    </test> <!-- Default test -->
  </suite> <!-- Default suite -->
</testng-results>
